0 info it worked if it ends with ok
1 verbose cli [ '/usr/local/bin/node',
1 verbose cli   '/usr/local/bin/npm',
1 verbose cli   'install',
1 verbose cli   'ngcordova' ]
2 info using npm@2.15.8
3 info using node@v4.4.7
4 verbose install initial load of /Users/daniellewithers/Desktop/DigitalCrafts/7-16immersive/SnaapDog/front-end/SnaapDogApp/package.json
5 warn package.json snaapdogapp@1.1.1 No repository field.
6 warn package.json snaapdogapp@1.1.1 No README data
7 warn package.json snaapdogapp@1.1.1 No license field.
8 verbose installManyTop reading scoped package data from /Users/daniellewithers/Desktop/DigitalCrafts/7-16immersive/SnaapDog/front-end/SnaapDogApp/node_modules/bower/package.json
9 verbose installManyTop reading scoped package data from /Users/daniellewithers/Desktop/DigitalCrafts/7-16immersive/SnaapDog/front-end/SnaapDogApp/node_modules/gulp/package.json
10 verbose installManyTop reading scoped package data from /Users/daniellewithers/Desktop/DigitalCrafts/7-16immersive/SnaapDog/front-end/SnaapDogApp/node_modules/gulp-concat/package.json
11 verbose installManyTop reading scoped package data from /Users/daniellewithers/Desktop/DigitalCrafts/7-16immersive/SnaapDog/front-end/SnaapDogApp/node_modules/gulp-minify-css/package.json
12 verbose installManyTop reading scoped package data from /Users/daniellewithers/Desktop/DigitalCrafts/7-16immersive/SnaapDog/front-end/SnaapDogApp/node_modules/gulp-rename/package.json
13 verbose installManyTop reading scoped package data from /Users/daniellewithers/Desktop/DigitalCrafts/7-16immersive/SnaapDog/front-end/SnaapDogApp/node_modules/gulp-sass/package.json
14 verbose installManyTop reading scoped package data from /Users/daniellewithers/Desktop/DigitalCrafts/7-16immersive/SnaapDog/front-end/SnaapDogApp/node_modules/gulp-util/package.json
15 verbose installManyTop reading scoped package data from /Users/daniellewithers/Desktop/DigitalCrafts/7-16immersive/SnaapDog/front-end/SnaapDogApp/node_modules/ngstorage/package.json
16 verbose installManyTop reading scoped package data from /Users/daniellewithers/Desktop/DigitalCrafts/7-16immersive/SnaapDog/front-end/SnaapDogApp/node_modules/shelljs/package.json
17 info package.json gulp-minify-css@0.3.13 No license field.
18 info package.json gulp-rename@1.2.2 No license field.
19 info package.json gulp-util@2.2.20 No license field.
20 info package.json shelljs@0.3.0 license should be a valid SPDX license expression
21 info package.json ngstorage@0.3.11 No license field.
22 verbose readDependencies loading dependencies from /Users/daniellewithers/Desktop/DigitalCrafts/7-16immersive/SnaapDog/front-end/SnaapDogApp/package.json
23 silly cache add args [ 'ngcordova', null ]
24 verbose cache add spec ngcordova
25 silly cache add parsed spec Result {
25 silly cache add   raw: 'ngcordova',
25 silly cache add   scope: null,
25 silly cache add   name: 'ngcordova',
25 silly cache add   rawSpec: '',
25 silly cache add   spec: 'latest',
25 silly cache add   type: 'tag' }
26 silly addNamed ngcordova@latest
27 verbose addNamed "latest" is being treated as a dist-tag for ngcordova
28 info addNameTag [ 'ngcordova', 'latest' ]
29 silly mapToRegistry name ngcordova
30 silly mapToRegistry using default registry
31 silly mapToRegistry registry https://registry.npmjs.org/
32 silly mapToRegistry data Result {
32 silly mapToRegistry   raw: 'ngcordova',
32 silly mapToRegistry   scope: null,
32 silly mapToRegistry   name: 'ngcordova',
32 silly mapToRegistry   rawSpec: '',
32 silly mapToRegistry   spec: 'latest',
32 silly mapToRegistry   type: 'tag' }
33 silly mapToRegistry uri https://registry.npmjs.org/ngcordova
34 verbose addNameTag registry:https://registry.npmjs.org/ngcordova not in flight; fetching
35 verbose request uri https://registry.npmjs.org/ngcordova
36 verbose request no auth needed
37 info attempt registry request try #1 at 5:53:55 AM
38 verbose request id 013a9105035887b6
39 http request GET https://registry.npmjs.org/ngcordova
40 http 404 https://registry.npmjs.org/ngcordova
41 verbose headers { 'content-type': 'application/json',
41 verbose headers   'cache-control': 'max-age=0',
41 verbose headers   'content-length': '2',
41 verbose headers   'accept-ranges': 'bytes',
41 verbose headers   date: 'Thu, 20 Oct 2016 09:53:55 GMT',
41 verbose headers   via: '1.1 varnish',
41 verbose headers   age: '0',
41 verbose headers   connection: 'keep-alive',
41 verbose headers   'x-served-by': 'cache-atl6243-ATL',
41 verbose headers   'x-cache': 'MISS',
41 verbose headers   'x-cache-hits': '0',
41 verbose headers   'x-timer': 'S1476957235.586511,VS0,VE241',
41 verbose headers   vary: 'Accept-Encoding' }
42 silly get cb [ 404,
42 silly get   { 'content-type': 'application/json',
42 silly get     'cache-control': 'max-age=0',
42 silly get     'content-length': '2',
42 silly get     'accept-ranges': 'bytes',
42 silly get     date: 'Thu, 20 Oct 2016 09:53:55 GMT',
42 silly get     via: '1.1 varnish',
42 silly get     age: '0',
42 silly get     connection: 'keep-alive',
42 silly get     'x-served-by': 'cache-atl6243-ATL',
42 silly get     'x-cache': 'MISS',
42 silly get     'x-cache-hits': '0',
42 silly get     'x-timer': 'S1476957235.586511,VS0,VE241',
42 silly get     vary: 'Accept-Encoding' } ]
43 verbose stack Error: Registry returned 404 for GET on https://registry.npmjs.org/ngcordova
43 verbose stack     at makeError (/usr/local/lib/node_modules/npm/node_modules/npm-registry-client/lib/request.js:264:12)
43 verbose stack     at CachingRegistryClient.<anonymous> (/usr/local/lib/node_modules/npm/node_modules/npm-registry-client/lib/request.js:242:14)
43 verbose stack     at Request._callback (/usr/local/lib/node_modules/npm/node_modules/npm-registry-client/lib/request.js:172:14)
43 verbose stack     at Request.self.callback (/usr/local/lib/node_modules/npm/node_modules/request/request.js:200:22)
43 verbose stack     at emitTwo (events.js:87:13)
43 verbose stack     at Request.emit (events.js:172:7)
43 verbose stack     at Request.<anonymous> (/usr/local/lib/node_modules/npm/node_modules/request/request.js:1067:10)
43 verbose stack     at emitOne (events.js:82:20)
43 verbose stack     at Request.emit (events.js:169:7)
43 verbose stack     at IncomingMessage.<anonymous> (/usr/local/lib/node_modules/npm/node_modules/request/request.js:988:12)
44 verbose statusCode 404
45 verbose pkgid ngcordova
46 verbose cwd /Users/daniellewithers/Desktop/DigitalCrafts/7-16immersive/SnaapDog/front-end/SnaapDogApp
47 error Darwin 16.0.0
48 error argv "/usr/local/bin/node" "/usr/local/bin/npm" "install" "ngcordova"
49 error node v4.4.7
50 error npm  v2.15.8
51 error code E404
52 error 404 Registry returned 404 for GET on https://registry.npmjs.org/ngcordova
52 error 404
52 error 404 'ngcordova' is not in the npm registry.
52 error 404 You should bug the author to publish it (or use the name yourself!)
52 error 404 It was specified as a dependency of 'snaapdogapp'
52 error 404
52 error 404 Note that you can also install from a
52 error 404 tarball, folder, http url, or git url.
53 verbose exit [ 1, true ]
